

Started GET "/" for 127.0.0.1 at 2014-08-02 18:16:32 -0700
Processing by AssetsController#index as HTML
  Rendered assets/index.html.erb (392.7ms)
Completed 200 OK in 408ms (Views: 399.4ms | ActiveRecord: 0.0ms)


Started GET "/assets/application.css?body=1" for 127.0.0.1 at 2014-08-02 18:16:33 -0700


Started GET "/assets/application.js?body=1" for 127.0.0.1 at 2014-08-02 18:16:33 -0700


Started GET "/assets/turbolinks.js?body=1" for 127.0.0.1 at 2014-08-02 18:16:33 -0700


Started GET "/assets/templates/application.js?body=1" for 127.0.0.1 at 2014-08-02 18:16:33 -0700


Started GET "/" for 127.0.0.1 at 2014-08-02 18:16:35 -0700
Processing by AssetsController#index as HTML
  Rendered assets/index.html.erb (1.8ms)
Completed 200 OK in 4ms (Views: 3.5ms | ActiveRecord: 0.0ms)


Started GET "/assets/application.css?body=1" for 127.0.0.1 at 2014-08-02 18:16:35 -0700


Started GET "/assets/application.js?body=1" for 127.0.0.1 at 2014-08-02 18:16:35 -0700


Started GET "/assets/turbolinks.js?body=1" for 127.0.0.1 at 2014-08-02 18:16:35 -0700


Started GET "/index" for 127.0.0.1 at 2014-08-02 18:19:25 -0700

ActionController::RoutingError (No route matches [GET] "/index"):
  actionpack (4.1.4) lib/action_dispatch/middleware/debug_exceptions.rb:21:in `call'
  actionpack (4.1.4) lib/action_dispatch/middleware/show_exceptions.rb:30:in `call'
  railties (4.1.4) lib/rails/rack/logger.rb:38:in `call_app'
  railties (4.1.4) lib/rails/rack/logger.rb:20:in `block in call'
  activesupport (4.1.4) lib/active_support/tagged_logging.rb:68:in `block in tagged'
  activesupport (4.1.4) lib/active_support/tagged_logging.rb:26:in `tagged'
  activesupport (4.1.4) lib/active_support/tagged_logging.rb:68:in `tagged'
  railties (4.1.4) lib/rails/rack/logger.rb:20:in `call'
  actionpack (4.1.4) lib/action_dispatch/middleware/request_id.rb:21:in `call'
  rack (1.5.2) lib/rack/methodoverride.rb:21:in `call'
  rack (1.5.2) lib/rack/runtime.rb:17:in `call'
  activesupport (4.1.4) lib/active_support/cache/strategy/local_cache_middleware.rb:26:in `call'
  rack (1.5.2) lib/rack/lock.rb:17:in `call'
  actionpack (4.1.4) lib/action_dispatch/middleware/static.rb:64:in `call'
  rack (1.5.2) lib/rack/sendfile.rb:112:in `call'
  railties (4.1.4) lib/rails/engine.rb:514:in `call'
  railties (4.1.4) lib/rails/application.rb:144:in `call'
  rack (1.5.2) lib/rack/lock.rb:17:in `call'
  rack (1.5.2) lib/rack/content_length.rb:14:in `call'
  rack (1.5.2) lib/rack/handler/webrick.rb:60:in `service'
  /Users/milowebster/.rvm/rubies/ruby-2.1.2/lib/ruby/2.1.0/webrick/httpserver.rb:138:in `service'
  /Users/milowebster/.rvm/rubies/ruby-2.1.2/lib/ruby/2.1.0/webrick/httpserver.rb:94:in `run'
  /Users/milowebster/.rvm/rubies/ruby-2.1.2/lib/ruby/2.1.0/webrick/server.rb:295:in `block in start_thread'


  Rendered /Users/milowebster/.rvm/gems/ruby-2.1.2/gems/actionpack-4.1.4/lib/action_dispatch/middleware/templates/rescues/_trace.html.erb (1.0ms)
  Rendered /Users/milowebster/.rvm/gems/ruby-2.1.2/gems/actionpack-4.1.4/lib/action_dispatch/middleware/templates/routes/_route.html.erb (0.8ms)
  Rendered /Users/milowebster/.rvm/gems/ruby-2.1.2/gems/actionpack-4.1.4/lib/action_dispatch/middleware/templates/routes/_table.html.erb (10.0ms)
  Rendered /Users/milowebster/.rvm/gems/ruby-2.1.2/gems/actionpack-4.1.4/lib/action_dispatch/middleware/templates/rescues/routing_error.html.erb within rescues/layout (40.1ms)


Started GET "/assets/index" for 127.0.0.1 at 2014-08-02 18:19:45 -0700
Processing by AssetsController#index as HTML
  Rendered assets/index.html.erb (3.0ms)
Completed 200 OK in 6ms (Views: 5.6ms | ActiveRecord: 0.0ms)


Started GET "/assets/application.css?body=1" for 127.0.0.1 at 2014-08-02 18:19:45 -0700


Started GET "/assets/application.js?body=1" for 127.0.0.1 at 2014-08-02 18:19:45 -0700


Started GET "/assets/templates/application.js?body=1" for 127.0.0.1 at 2014-08-02 18:19:45 -0700


Started GET "/assets/turbolinks.js?body=1" for 127.0.0.1 at 2014-08-02 18:19:45 -0700


Started GET "/assets/index" for 127.0.0.1 at 2014-08-02 18:20:34 -0700
Processing by AssetsController#index as HTML
  Rendered assets/index.html.erb (2.0ms)
Completed 200 OK in 4ms (Views: 3.4ms | ActiveRecord: 0.0ms)


Started GET "/assets/application.css?body=1" for 127.0.0.1 at 2014-08-02 18:20:34 -0700


Started GET "/assets/jquery_ujs.js?body=1" for 127.0.0.1 at 2014-08-02 18:20:34 -0700


Started GET "/assets/jquery.js?body=1" for 127.0.0.1 at 2014-08-02 18:20:34 -0700


Started GET "/assets/turbolinks.js?body=1" for 127.0.0.1 at 2014-08-02 18:20:34 -0700


Started GET "/assets/templates/application.js?body=1" for 127.0.0.1 at 2014-08-02 18:20:34 -0700


Started GET "/assets/application.js?body=1" for 127.0.0.1 at 2014-08-02 18:20:34 -0700


Started GET "/assets/indexk" for 127.0.0.1 at 2014-08-02 18:21:09 -0700

ActionController::RoutingError (No route matches [GET] "/assets/indexk"):
  actionpack (4.1.4) lib/action_dispatch/middleware/debug_exceptions.rb:21:in `call'
  actionpack (4.1.4) lib/action_dispatch/middleware/show_exceptions.rb:30:in `call'
  railties (4.1.4) lib/rails/rack/logger.rb:38:in `call_app'
  railties (4.1.4) lib/rails/rack/logger.rb:20:in `block in call'
  activesupport (4.1.4) lib/active_support/tagged_logging.rb:68:in `block in tagged'
  activesupport (4.1.4) lib/active_support/tagged_logging.rb:26:in `tagged'
  activesupport (4.1.4) lib/active_support/tagged_logging.rb:68:in `tagged'
  railties (4.1.4) lib/rails/rack/logger.rb:20:in `call'
  actionpack (4.1.4) lib/action_dispatch/middleware/request_id.rb:21:in `call'
  rack (1.5.2) lib/rack/methodoverride.rb:21:in `call'
  rack (1.5.2) lib/rack/runtime.rb:17:in `call'
  activesupport (4.1.4) lib/active_support/cache/strategy/local_cache_middleware.rb:26:in `call'
  rack (1.5.2) lib/rack/lock.rb:17:in `call'
  actionpack (4.1.4) lib/action_dispatch/middleware/static.rb:64:in `call'
  rack (1.5.2) lib/rack/sendfile.rb:112:in `call'
  railties (4.1.4) lib/rails/engine.rb:514:in `call'
  railties (4.1.4) lib/rails/application.rb:144:in `call'
  rack (1.5.2) lib/rack/lock.rb:17:in `call'
  rack (1.5.2) lib/rack/content_length.rb:14:in `call'
  rack (1.5.2) lib/rack/handler/webrick.rb:60:in `service'
  /Users/milowebster/.rvm/rubies/ruby-2.1.2/lib/ruby/2.1.0/webrick/httpserver.rb:138:in `service'
  /Users/milowebster/.rvm/rubies/ruby-2.1.2/lib/ruby/2.1.0/webrick/httpserver.rb:94:in `run'
  /Users/milowebster/.rvm/rubies/ruby-2.1.2/lib/ruby/2.1.0/webrick/server.rb:295:in `block in start_thread'


  Rendered /Users/milowebster/.rvm/gems/ruby-2.1.2/gems/actionpack-4.1.4/lib/action_dispatch/middleware/templates/rescues/_trace.html.erb (1.4ms)
  Rendered /Users/milowebster/.rvm/gems/ruby-2.1.2/gems/actionpack-4.1.4/lib/action_dispatch/middleware/templates/routes/_route.html.erb (0.6ms)
  Rendered /Users/milowebster/.rvm/gems/ruby-2.1.2/gems/actionpack-4.1.4/lib/action_dispatch/middleware/templates/routes/_table.html.erb (0.8ms)
  Rendered /Users/milowebster/.rvm/gems/ruby-2.1.2/gems/actionpack-4.1.4/lib/action_dispatch/middleware/templates/rescues/routing_error.html.erb within rescues/layout (14.2ms)


Started GET "/" for 127.0.0.1 at 2014-08-02 18:32:17 -0700
Processing by AssetsController#index as HTML
  Rendered assets/index.html.erb (18.2ms)
Completed 500 Internal Server Error in 33ms

ActionView::Template::Error (couldn't find file 'rails_app2'
  (in /Users/milowebster/Documents/Git/lionworxs/app/assets/javascripts/application.js.coffee:6)):
     6:   <%= csrf_meta_tags %>
     7: </head>
     8: <body>
     9:   <%= javascript_include_tag "application" %>
    10:   My first rails app!
    11: </body>
    12: </html>
  app/views/assets/index.html.erb:9:in `_app_views_assets_index_html_erb__2614769311044673245_2187277680'


  Rendered /Users/milowebster/.rvm/gems/ruby-2.1.2/gems/actionpack-4.1.4/lib/action_dispatch/middleware/templates/rescues/_trace.html.erb (1.3ms)
  Rendered /Users/milowebster/.rvm/gems/ruby-2.1.2/gems/actionpack-4.1.4/lib/action_dispatch/middleware/templates/rescues/_request_and_response.html.erb (0.9ms)
  Rendered /Users/milowebster/.rvm/gems/ruby-2.1.2/gems/actionpack-4.1.4/lib/action_dispatch/middleware/templates/rescues/template_error.html.erb within rescues/layout (12.3ms)
